{"/Users/abhinavgupta/Desktop/Portfolio/src/app/api/github/profile/aggregation.ts": {"path":"/Users/abhinavgupta/Desktop/Portfolio/src/app/api/github/profile/aggregation.ts","statementMap":{"0":{"start":{"line":14,"column":0},"end":{"line":14,"column":16}},"1":{"start":{"line":35,"column":0},"end":{"line":35,"column":16}},"2":{"start":{"line":12,"column":30},"end":{"line":12,"column":32}},"3":{"start":{"line":15,"column":48},"end":{"line":15,"column":50}},"4":{"start":{"line":17,"column":2},"end":{"line":21,"column":5}},"5":{"start":{"line":18,"column":4},"end":{"line":20,"column":5}},"6":{"start":{"line":19,"column":6},"end":{"line":19,"column":77}},"7":{"start":{"line":23,"column":29},"end":{"line":23,"column":89}},"8":{"start":{"line":23,"column":75},"end":{"line":23,"column":80}},"9":{"start":{"line":25,"column":2},"end":{"line":32,"column":8}},"10":{"start":{"line":26,"column":20},"end":{"line":26,"column":31}},"11":{"start":{"line":28,"column":29},"end":{"line":32,"column":6}},"12":{"start":{"line":38,"column":23},"end":{"line":38,"column":48}},"13":{"start":{"line":40,"column":2},"end":{"line":45,"column":5}},"14":{"start":{"line":41,"column":4},"end":{"line":41,"column":23}},"15":{"start":{"line":41,"column":16},"end":{"line":41,"column":23}},"16":{"start":{"line":42,"column":4},"end":{"line":44,"column":7}},"17":{"start":{"line":43,"column":6},"end":{"line":43,"column":84}},"18":{"start":{"line":47,"column":2},"end":{"line":53,"column":8}},"19":{"start":{"line":48,"column":20},"end":{"line":48,"column":31}},"20":{"start":{"line":50,"column":33},"end":{"line":53,"column":6}}},"fnMap":{"0":{"name":"buildLanguageSummary","decl":{"start":{"line":14,"column":16},"end":{"line":14,"column":36}},"loc":{"start":{"line":14,"column":72},"end":{"line":33,"column":1}}},"1":{"name":"(anonymous_1)","decl":{"start":{"line":17,"column":16},"end":{"line":17,"column":17}},"loc":{"start":{"line":17,"column":25},"end":{"line":21,"column":3}}},"2":{"name":"(anonymous_2)","decl":{"start":{"line":23,"column":65},"end":{"line":23,"column":66}},"loc":{"start":{"line":23,"column":75},"end":{"line":23,"column":80}}},"3":{"name":"(anonymous_3)","decl":{"start":{"line":26,"column":10},"end":{"line":26,"column":11}},"loc":{"start":{"line":26,"column":20},"end":{"line":26,"column":31}}},"4":{"name":"(anonymous_4)","decl":{"start":{"line":28,"column":9},"end":{"line":28,"column":10}},"loc":{"start":{"line":28,"column":29},"end":{"line":32,"column":6}}},"5":{"name":"buildCommitActivity","decl":{"start":{"line":35,"column":16},"end":{"line":35,"column":35}},"loc":{"start":{"line":36,"column":65},"end":{"line":54,"column":1}}},"6":{"name":"(anonymous_6)","decl":{"start":{"line":40,"column":20},"end":{"line":40,"column":21}},"loc":{"start":{"line":40,"column":30},"end":{"line":45,"column":3}}},"7":{"name":"(anonymous_7)","decl":{"start":{"line":42,"column":18},"end":{"line":42,"column":19}},"loc":{"start":{"line":42,"column":25},"end":{"line":44,"column":5}}},"8":{"name":"(anonymous_8)","decl":{"start":{"line":48,"column":10},"end":{"line":48,"column":11}},"loc":{"start":{"line":48,"column":20},"end":{"line":48,"column":31}}},"9":{"name":"(anonymous_9)","decl":{"start":{"line":50,"column":9},"end":{"line":50,"column":10}},"loc":{"start":{"line":50,"column":33},"end":{"line":53,"column":6}}}},"branchMap":{"0":{"loc":{"start":{"line":18,"column":4},"end":{"line":20,"column":5}},"type":"if","locations":[{"start":{"line":18,"column":4},"end":{"line":20,"column":5}}]},"1":{"loc":{"start":{"line":19,"column":38},"end":{"line":19,"column":71}},"type":"binary-expr","locations":[{"start":{"line":19,"column":38},"end":{"line":19,"column":66}},{"start":{"line":19,"column":70},"end":{"line":19,"column":71}}]},"2":{"loc":{"start":{"line":23,"column":29},"end":{"line":23,"column":89}},"type":"binary-expr","locations":[{"start":{"line":23,"column":29},"end":{"line":23,"column":84}},{"start":{"line":23,"column":88},"end":{"line":23,"column":89}}]},"3":{"loc":{"start":{"line":41,"column":4},"end":{"line":41,"column":23}},"type":"if","locations":[{"start":{"line":41,"column":4},"end":{"line":41,"column":23}}]},"4":{"loc":{"start":{"line":43,"column":33},"end":{"line":43,"column":63}},"type":"binary-expr","locations":[{"start":{"line":43,"column":33},"end":{"line":43,"column":58}},{"start":{"line":43,"column":62},"end":{"line":43,"column":63}}]},"5":{"loc":{"start":{"line":43,"column":68},"end":{"line":43,"column":81}},"type":"binary-expr","locations":[{"start":{"line":43,"column":68},"end":{"line":43,"column":76}},{"start":{"line":43,"column":80},"end":{"line":43,"column":81}}]}},"s":{"0":1,"1":1,"2":1,"3":1,"4":1,"5":4,"6":4,"7":1,"8":3,"9":1,"10":2,"11":3,"12":1,"13":1,"14":3,"15":1,"16":2,"17":4,"18":1,"19":2,"20":3},"f":{"0":1,"1":4,"2":3,"3":2,"4":3,"5":1,"6":3,"7":4,"8":2,"9":3},"b":{"0":[4],"1":[4,3],"2":[1,0],"3":[1],"4":[4,3],"5":[4,0]}}
,"/Users/abhinavgupta/Desktop/Portfolio/src/hooks/useFocusTrap.ts": {"path":"/Users/abhinavgupta/Desktop/Portfolio/src/hooks/useFocusTrap.ts","statementMap":{"0":{"start":{"line":3,"column":0},"end":{"line":3,"column":16}},"1":{"start":{"line":1,"column":0},"end":{"line":1,"column":34}},"2":{"start":{"line":4,"column":2},"end":{"line":33,"column":20}},"3":{"start":{"line":5,"column":4},"end":{"line":5,"column":40}},"4":{"start":{"line":5,"column":33},"end":{"line":5,"column":40}},"5":{"start":{"line":7,"column":20},"end":{"line":7,"column":31}},"6":{"start":{"line":8,"column":22},"end":{"line":9,"column":null}},"7":{"start":{"line":12,"column":4},"end":{"line":12,"column":34}},"8":{"start":{"line":12,"column":27},"end":{"line":12,"column":34}},"9":{"start":{"line":14,"column":18},"end":{"line":14,"column":30}},"10":{"start":{"line":15,"column":17},"end":{"line":15,"column":48}},"11":{"start":{"line":17,"column":26},"end":{"line":27,"column":5}},"12":{"start":{"line":18,"column":6},"end":{"line":18,"column":38}},"13":{"start":{"line":18,"column":31},"end":{"line":18,"column":38}},"14":{"start":{"line":20,"column":6},"end":{"line":26,"column":7}},"15":{"start":{"line":21,"column":8},"end":{"line":21,"column":31}},"16":{"start":{"line":22,"column":8},"end":{"line":22,"column":21}},"17":{"start":{"line":23,"column":13},"end":{"line":26,"column":7}},"18":{"start":{"line":24,"column":8},"end":{"line":24,"column":31}},"19":{"start":{"line":25,"column":8},"end":{"line":25,"column":22}},"20":{"start":{"line":29,"column":4},"end":{"line":29,"column":55}},"21":{"start":{"line":30,"column":4},"end":{"line":30,"column":18}},"22":{"start":{"line":32,"column":4},"end":{"line":32,"column":71}},"23":{"start":{"line":32,"column":17},"end":{"line":32,"column":70}}},"fnMap":{"0":{"name":"useFocusTrap","decl":{"start":{"line":3,"column":16},"end":{"line":3,"column":28}},"loc":{"start":{"line":3,"column":99},"end":{"line":34,"column":1}}},"1":{"name":"(anonymous_1)","decl":{"start":{"line":4,"column":12},"end":{"line":4,"column":15}},"loc":{"start":{"line":4,"column":17},"end":{"line":33,"column":3}}},"2":{"name":"(anonymous_2)","decl":{"start":{"line":17,"column":26},"end":{"line":17,"column":27}},"loc":{"start":{"line":17,"column":51},"end":{"line":27,"column":5}}},"3":{"name":"(anonymous_3)","decl":{"start":{"line":32,"column":11},"end":{"line":32,"column":14}},"loc":{"start":{"line":32,"column":17},"end":{"line":32,"column":70}}}},"branchMap":{"0":{"loc":{"start":{"line":5,"column":4},"end":{"line":5,"column":40}},"type":"if","locations":[{"start":{"line":5,"column":4},"end":{"line":5,"column":40}}]},"1":{"loc":{"start":{"line":5,"column":8},"end":{"line":5,"column":31}},"type":"binary-expr","locations":[{"start":{"line":5,"column":8},"end":{"line":5,"column":15}},{"start":{"line":5,"column":19},"end":{"line":5,"column":31}}]},"2":{"loc":{"start":{"line":12,"column":4},"end":{"line":12,"column":34}},"type":"if","locations":[{"start":{"line":12,"column":4},"end":{"line":12,"column":34}}]},"3":{"loc":{"start":{"line":18,"column":6},"end":{"line":18,"column":38}},"type":"if","locations":[{"start":{"line":18,"column":6},"end":{"line":18,"column":38}}]},"4":{"loc":{"start":{"line":20,"column":6},"end":{"line":26,"column":7}},"type":"if","locations":[{"start":{"line":20,"column":6},"end":{"line":26,"column":7}},{"start":{"line":23,"column":13},"end":{"line":26,"column":7}}]},"5":{"loc":{"start":{"line":20,"column":10},"end":{"line":20,"column":60}},"type":"binary-expr","locations":[{"start":{"line":20,"column":10},"end":{"line":20,"column":24}},{"start":{"line":20,"column":28},"end":{"line":20,"column":60}}]},"6":{"loc":{"start":{"line":23,"column":13},"end":{"line":26,"column":7}},"type":"if","locations":[{"start":{"line":23,"column":13},"end":{"line":26,"column":7}}]},"7":{"loc":{"start":{"line":23,"column":17},"end":{"line":23,"column":67}},"type":"binary-expr","locations":[{"start":{"line":23,"column":17},"end":{"line":23,"column":32}},{"start":{"line":23,"column":36},"end":{"line":23,"column":67}}]}},"s":{"0":1,"1":1,"2":1,"3":1,"4":0,"5":1,"6":1,"7":1,"8":0,"9":1,"10":1,"11":1,"12":1,"13":0,"14":1,"15":0,"16":0,"17":1,"18":0,"19":0,"20":1,"21":1,"22":1,"23":1},"f":{"0":1,"1":1,"2":1,"3":1},"b":{"0":[0],"1":[1,1],"2":[0],"3":[0],"4":[0,1],"5":[1,0],"6":[0],"7":[1,1]}}
,"/Users/abhinavgupta/Desktop/Portfolio/src/utils/formValidation.ts": {"path":"/Users/abhinavgupta/Desktop/Portfolio/src/utils/formValidation.ts","statementMap":{"0":{"start":{"line":1,"column":0},"end":{"line":1,"column":57}},"1":{"start":{"line":3,"column":19},"end":{"line":3,"column":47}},"2":{"start":{"line":12,"column":23},"end":{"line":28,"column":1}},"3":{"start":{"line":13,"column":2},"end":{"line":20,"column":3}},"4":{"start":{"line":18,"column":4},"end":{"line":18,"column":17}},"5":{"start":{"line":19,"column":4},"end":{"line":19,"column":17}},"6":{"start":{"line":22,"column":2},"end":{"line":25,"column":3}},"7":{"start":{"line":23,"column":4},"end":{"line":23,"column":22}},"8":{"start":{"line":24,"column":4},"end":{"line":24,"column":17}},"9":{"start":{"line":27,"column":2},"end":{"line":27,"column":14}},"10":{"start":{"line":30,"column":0},"end":{"line":30,"column":30}}},"fnMap":{"0":{"name":"(anonymous_0)","decl":{"start":{"line":12,"column":23},"end":{"line":12,"column":24}},"loc":{"start":{"line":12,"column":55},"end":{"line":28,"column":1}}}},"branchMap":{"0":{"loc":{"start":{"line":13,"column":2},"end":{"line":20,"column":3}},"type":"if","locations":[{"start":{"line":13,"column":2},"end":{"line":20,"column":3}}]},"1":{"loc":{"start":{"line":14,"column":4},"end":{"line":16,"column":27}},"type":"binary-expr","locations":[{"start":{"line":14,"column":4},"end":{"line":14,"column":29}},{"start":{"line":15,"column":4},"end":{"line":15,"column":30}},{"start":{"line":16,"column":4},"end":{"line":16,"column":27}}]},"2":{"loc":{"start":{"line":22,"column":2},"end":{"line":25,"column":3}},"type":"if","locations":[{"start":{"line":22,"column":2},"end":{"line":25,"column":3}}]},"3":{"loc":{"start":{"line":22,"column":23},"end":{"line":22,"column":48}},"type":"cond-expr","locations":[{"start":{"line":22,"column":42},"end":{"line":22,"column":46}},{"start":{"line":22,"column":46},"end":{"line":22,"column":48}}]},"4":{"loc":{"start":{"line":22,"column":23},"end":{"line":22,"column":46}},"type":"binary-expr","locations":[{"start":{"line":22,"column":23},"end":{"line":22,"column":46}},{"start":{"line":22,"column":42},"end":{"line":22,"column":46}}]}},"s":{"0":1,"1":1,"2":1,"3":4,"4":1,"5":1,"6":3,"7":1,"8":1,"9":2,"10":1},"f":{"0":4},"b":{"0":[1],"1":[4,3,3],"2":[1],"3":[3,0],"4":[3,3]}}
,"/Users/abhinavgupta/Desktop/Portfolio/src/utils/caseStudies/index.ts": {"path":"/Users/abhinavgupta/Desktop/Portfolio/src/utils/caseStudies/index.ts","statementMap":{"0":{"start":{"line":11,"column":0},"end":{"line":11,"column":56}},"1":{"start":{"line":12,"column":0},"end":{"line":12,"column":57}},"2":{"start":{"line":13,"column":0},"end":{"line":13,"column":55}},"3":{"start":{"line":14,"column":0},"end":{"line":14,"column":34}},"4":{"start":{"line":15,"column":0},"end":{"line":15,"column":80}},"5":{"start":{"line":17,"column":13},"end":{"line":23,"column":2}}},"fnMap":{},"branchMap":{},"s":{"0":1,"1":1,"2":1,"3":1,"4":1,"5":1},"f":{},"b":{}}
}
