TN:
SF:src/app/api/github/profile/aggregation.ts
FN:14,buildLanguageSummary
FN:17,(anonymous_1)
FN:23,(anonymous_2)
FN:26,(anonymous_3)
FN:28,(anonymous_4)
FN:35,buildCommitActivity
FN:40,(anonymous_6)
FN:42,(anonymous_7)
FN:48,(anonymous_8)
FN:50,(anonymous_9)
FNF:10
FNH:10
FNDA:1,buildLanguageSummary
FNDA:4,(anonymous_1)
FNDA:3,(anonymous_2)
FNDA:2,(anonymous_3)
FNDA:3,(anonymous_4)
FNDA:1,buildCommitActivity
FNDA:3,(anonymous_6)
FNDA:4,(anonymous_7)
FNDA:2,(anonymous_8)
FNDA:3,(anonymous_9)
DA:12,1
DA:14,1
DA:15,1
DA:17,1
DA:18,4
DA:19,4
DA:23,3
DA:25,1
DA:26,2
DA:28,3
DA:35,1
DA:38,1
DA:40,1
DA:41,3
DA:42,2
DA:43,4
DA:47,1
DA:48,2
DA:50,3
LF:19
LH:19
BRDA:18,0,0,4
BRDA:19,1,0,4
BRDA:19,1,1,3
BRDA:23,2,0,1
BRDA:23,2,1,0
BRDA:41,3,0,1
BRDA:43,4,0,4
BRDA:43,4,1,3
BRDA:43,5,0,4
BRDA:43,5,1,0
BRF:10
BRH:8
end_of_record
TN:
SF:src/hooks/useFocusTrap.ts
FN:3,useFocusTrap
FN:4,(anonymous_1)
FN:17,(anonymous_2)
FN:32,(anonymous_3)
FNF:4
FNH:4
FNDA:1,useFocusTrap
FNDA:1,(anonymous_1)
FNDA:1,(anonymous_2)
FNDA:1,(anonymous_3)
DA:1,1
DA:3,1
DA:4,1
DA:5,1
DA:7,1
DA:8,1
DA:12,1
DA:14,1
DA:15,1
DA:17,1
DA:18,1
DA:20,1
DA:21,0
DA:22,0
DA:23,1
DA:24,0
DA:25,0
DA:29,1
DA:30,1
DA:32,1
LF:20
LH:16
BRDA:5,0,0,0
BRDA:5,1,0,1
BRDA:5,1,1,1
BRDA:12,2,0,0
BRDA:18,3,0,0
BRDA:20,4,0,0
BRDA:20,4,1,1
BRDA:20,5,0,1
BRDA:20,5,1,0
BRDA:23,6,0,0
BRDA:23,7,0,1
BRDA:23,7,1,1
BRF:12
BRH:6
end_of_record
TN:
SF:src/utils/formValidation.ts
FN:12,(anonymous_0)
FNF:1
FNH:1
FNDA:4,(anonymous_0)
DA:1,1
DA:3,1
DA:12,1
DA:13,4
DA:18,1
DA:19,1
DA:22,3
DA:23,1
DA:24,1
DA:27,2
DA:30,1
LF:11
LH:11
BRDA:13,0,0,1
BRDA:14,1,0,4
BRDA:14,1,1,3
BRDA:14,1,2,3
BRDA:22,2,0,1
BRDA:22,3,0,3
BRDA:22,3,1,0
BRDA:22,4,0,3
BRDA:22,4,1,3
BRF:9
BRH:8
end_of_record
TN:
SF:src/utils/caseStudies/index.ts
FNF:0
FNH:0
DA:11,1
DA:12,1
DA:13,1
DA:14,1
DA:15,1
DA:17,1
LF:6
LH:6
BRF:0
BRH:0
end_of_record
